<?xml version="1.0" encoding="UTF-8"?>
<testng-results ignored="0" total="1" passed="1" failed="0" skipped="0">
  <reporter-output>
  </reporter-output>
  <suite started-at="2024-09-25T19:48:32 IST" name="Suite" finished-at="2024-09-25T19:48:41 IST" duration-ms="8649">
    <groups>
    </groups>
    <test started-at="2024-09-25T19:48:32 IST" name="Test" finished-at="2024-09-25T19:48:41 IST" duration-ms="8649">
      <class name="orangehrm.tests.Dashboard_tc">
        <test-method is-config="true" signature="setup(java.lang.String)[pri:0, instance:orangehrm.tests.Dashboard_tc@5a45133e]" started-at="2024-09-25T19:48:32 IST" name="setup" finished-at="2024-09-25T19:48:36 IST" duration-ms="3503" status="PASS">
          <params>
            <param index="0">
              <value>
                <![CDATA[chrome]]>
              </value>
            </param>
          </params>
          <reporter-output>
          </reporter-output>
        </test-method> <!-- setup -->
        <test-method signature="AttendanceFLow()[pri:1, instance:orangehrm.tests.Dashboard_tc@5a45133e]" started-at="2024-09-25T19:48:36 IST" name="AttendanceFLow" finished-at="2024-09-25T19:48:41 IST" duration-ms="5123" status="PASS">
          <reporter-output>
          </reporter-output>
        </test-method> <!-- AttendanceFLow -->
      </class> <!-- orangehrm.tests.Dashboard_tc -->
    </test> <!-- Test -->
  </suite> <!-- Suite -->
</testng-results>
